2019-10-26 12:14:41 [scrapy.utils.log] INFO: Scrapy 1.7.4 started (bot: fab_scrapper)
2019-10-26 12:14:41 [scrapy.utils.log] INFO: Versions: lxml 4.4.1.0, libxml2 2.9.4, cssselect 1.1.0, parsel 1.5.2, w3lib 1.21.0, Twisted 19.7.0, Python 3.5.2 (v3.5.2:4def2a2901a5, Jun 26 2016, 10:47:25) - [GCC 4.2.1 (Apple Inc. build 5666) (dot 3)], pyOpenSSL 19.0.0 (OpenSSL 1.1.1d  10 Sep 2019), cryptography 2.8, Platform Darwin-18.2.0-x86_64-i386-64bit
2019-10-26 12:14:41 [scrapy.crawler] INFO: Overridden settings: {'SPIDER_MODULES': ['fab_scrapper.spiders'], 'NEWSPIDER_MODULE': 'fab_scrapper.spiders', 'LOG_FILE': 'logs/default/crawler/80e18fe4f7af11e9bf12f45c8999c707.log', 'BOT_NAME': 'fab_scrapper', 'USER_AGENT': 'Mozilla/5.0 (compatible; Googlebot/2.1; +http://www.google.com/bot.html)', 'ROBOTSTXT_OBEY': True}
2019-10-26 12:14:41 [scrapy.extensions.telnet] INFO: Telnet Password: 55c046b18bdbd0bd
2019-10-26 12:14:41 [scrapy.middleware] INFO: Enabled extensions:
['scrapy.extensions.corestats.CoreStats',
 'scrapy.extensions.logstats.LogStats',
 'scrapy.extensions.memusage.MemoryUsage',
 'scrapy.extensions.telnet.TelnetConsole']
2019-10-26 12:14:41 [scrapy.middleware] INFO: Enabled downloader middlewares:
['scrapy.downloadermiddlewares.robotstxt.RobotsTxtMiddleware',
 'scrapy.downloadermiddlewares.httpauth.HttpAuthMiddleware',
 'scrapy.downloadermiddlewares.downloadtimeout.DownloadTimeoutMiddleware',
 'scrapy.downloadermiddlewares.defaultheaders.DefaultHeadersMiddleware',
 'scrapy.downloadermiddlewares.useragent.UserAgentMiddleware',
 'scrapy.downloadermiddlewares.retry.RetryMiddleware',
 'scrapy.downloadermiddlewares.redirect.MetaRefreshMiddleware',
 'scrapy.downloadermiddlewares.httpcompression.HttpCompressionMiddleware',
 'scrapy.downloadermiddlewares.redirect.RedirectMiddleware',
 'scrapy.downloadermiddlewares.cookies.CookiesMiddleware',
 'scrapy.downloadermiddlewares.httpproxy.HttpProxyMiddleware',
 'scrapy.downloadermiddlewares.stats.DownloaderStats']
2019-10-26 12:14:41 [scrapy.middleware] INFO: Enabled spider middlewares:
['scrapy.spidermiddlewares.httperror.HttpErrorMiddleware',
 'scrapy.spidermiddlewares.offsite.OffsiteMiddleware',
 'scrapy.spidermiddlewares.referer.RefererMiddleware',
 'scrapy.spidermiddlewares.urllength.UrlLengthMiddleware',
 'scrapy.spidermiddlewares.depth.DepthMiddleware']
2019-10-26 12:14:41 [scrapy.middleware] INFO: Enabled item pipelines:
[]
2019-10-26 12:14:41 [scrapy.core.engine] INFO: Spider opened
2019-10-26 12:14:41 [scrapy.extensions.logstats] INFO: Crawled 0 pages (at 0 pages/min), scraped 0 items (at 0 items/min)
2019-10-26 12:14:41 [scrapy.extensions.telnet] INFO: Telnet console listening on 127.0.0.1:6023
2019-10-26 12:14:41 [scrapy.core.engine] DEBUG: Crawled (200) <GET https://fabelio.com/robots.txt> (referer: None)
2019-10-26 12:14:44 [scrapy.core.engine] DEBUG: Crawled (200) <GET https://fabelio.com/ip/fabelio-essential-latex-mattress-king.html> (referer: None)
2019-10-26 12:14:44 [scrapy.dupefilters] DEBUG: Filtered duplicate request: <GET https://fabelio.com/ip/fabelio-essential-latex-mattress-king.html#store.menu> - no more duplicates will be shown (see DUPEFILTER_DEBUG to show all duplicates)
2019-10-26 12:14:44 [scrapy.spidermiddlewares.offsite] DEBUG: Filtered offsite request to 'www.magentocommerce.com': <GET https://www.magentocommerce.com/bug-tracking>
2019-10-26 12:14:44 [scrapy.spidermiddlewares.offsite] DEBUG: Filtered offsite request to 'api.whatsapp.com': <GET https://api.whatsapp.com/send?phone=6282260333593>
2019-10-26 12:14:44 [scrapy.spidermiddlewares.offsite] DEBUG: Filtered offsite request to 'sealsplash.geotrust.com': <GET https://sealsplash.geotrust.com/splash?&dn=fabelio.com>
2019-10-26 12:14:44 [scrapy.spidermiddlewares.offsite] DEBUG: Filtered offsite request to 'www.instagram.com': <GET https://www.instagram.com/fabelio>
2019-10-26 12:14:44 [scrapy.spidermiddlewares.offsite] DEBUG: Filtered offsite request to 'www.facebook.com': <GET https://www.facebook.com/fabelio>
2019-10-26 12:14:44 [scrapy.spidermiddlewares.offsite] DEBUG: Filtered offsite request to 'plus.google.com': <GET https://plus.google.com/+Fabelio>
2019-10-26 12:14:44 [scrapy.spidermiddlewares.offsite] DEBUG: Filtered offsite request to 'www.google.co.id': <GET https://www.google.co.id/maps/place/Fabelio/@-6.25199,106.7957153,17z/data=!3m1!4b1!4m5!3m4!1s0x2e69f160f82a9265:0xc8e7a7c0ed02b94c!8m2!3d-6.25199!4d106.797904?hl=id>
2019-10-26 12:14:44 [scrapy.spidermiddlewares.offsite] DEBUG: Filtered offsite request to 'www.google.com': <GET https://www.google.com/maps/embed?pb=!1m14!1m8!1m3!1d991.5541627257693!2d106.6595366!3d-6.2351478!3m2!1i1024!2i768!4f13.1!3m3!1m2!1s0x2e69fbc48e62c14f%3A0x5dd9eade2c8aa5d4!2sHouse+Of+Tax!5e0!3m2!1sen!2sid!4v1509628513257>
2019-10-26 12:14:44 [scrapy.spidermiddlewares.offsite] DEBUG: Filtered offsite request to 'goo.gl': <GET https://goo.gl/maps/1wnziNv5UL32>
2019-10-26 12:14:44 [scrapy.core.engine] DEBUG: Crawled (200) <GET https://fabelio.com/cp/ruang-makan/kursi/promo.html> (referer: https://fabelio.com/ip/fabelio-essential-latex-mattress-king.html)
2019-10-26 12:14:44 [scrapy.core.engine] DEBUG: Crawled (200) <GET https://fabelio.com/cp/ruang-makan/meja-makan.html> (referer: https://fabelio.com/ip/fabelio-essential-latex-mattress-king.html)
2019-10-26 12:14:44 [scrapy.core.engine] DEBUG: Crawled (200) <GET https://fabelio.com/cp/ruang-makan/kursi/kursi-makan.html> (referer: https://fabelio.com/ip/fabelio-essential-latex-mattress-king.html)
2019-10-26 12:14:44 [scrapy.core.engine] DEBUG: Crawled (200) <GET https://fabelio.com/ip/deni-2-seaters-sofa-kit.html?ref=megamenu-tamu-banner-link-2> (referer: https://fabelio.com/ip/fabelio-essential-latex-mattress-king.html)
2019-10-26 12:14:45 [scrapy.core.engine] DEBUG: Crawled (200) <GET https://fabelio.com/cp/ruang-tamu/sofa/set-sofa.html?ref=megamenu-tamu-banner-link-1> (referer: https://fabelio.com/ip/fabelio-essential-latex-mattress-king.html)
2019-10-26 12:14:45 [scrapy.core.scraper] DEBUG: Scraped from <200 https://fabelio.com/cp/ruang-makan/kursi/promo.html>
{'product_id': None}
2019-10-26 12:14:45 [scrapy.core.scraper] DEBUG: Scraped from <200 https://fabelio.com/cp/ruang-makan/meja-makan.html>
{'product_id': None}
2019-10-26 12:14:45 [scrapy.core.engine] DEBUG: Crawled (200) <GET https://fabelio.com/cp/ruang-tamu/tempat-penyimpanan/rak.html> (referer: https://fabelio.com/ip/fabelio-essential-latex-mattress-king.html)
2019-10-26 12:14:45 [scrapy.core.engine] DEBUG: Crawled (200) <GET https://fabelio.com/cp/ruang-tamu/sofa/set-sofa.html?ref=megamenu-tamu-banner-img-1> (referer: https://fabelio.com/ip/fabelio-essential-latex-mattress-king.html)
2019-10-26 12:14:45 [scrapy.core.scraper] DEBUG: Scraped from <200 https://fabelio.com/cp/ruang-makan/kursi/kursi-makan.html>
{'product_id': None}
2019-10-26 12:14:45 [scrapy.core.scraper] DEBUG: Scraped from <200 https://fabelio.com/ip/deni-2-seaters-sofa-kit.html?ref=megamenu-tamu-banner-link-2>
{'product_id': None}
2019-10-26 12:14:45 [scrapy.core.engine] DEBUG: Crawled (200) <GET https://fabelio.com/cp/ruang-tamu/tempat-penyimpanan/rak-sepatu.html> (referer: https://fabelio.com/ip/fabelio-essential-latex-mattress-king.html)
2019-10-26 12:14:45 [scrapy.core.scraper] DEBUG: Scraped from <200 https://fabelio.com/cp/ruang-tamu/sofa/set-sofa.html?ref=megamenu-tamu-banner-link-1>
{'product_id': None}
2019-10-26 12:14:45 [scrapy.core.engine] DEBUG: Crawled (200) <GET https://fabelio.com/cp/ruang-tamu/tempat-penyimpanan/meja-tv.html> (referer: https://fabelio.com/ip/fabelio-essential-latex-mattress-king.html)
2019-10-26 12:14:45 [scrapy.core.scraper] DEBUG: Scraped from <200 https://fabelio.com/cp/ruang-tamu/tempat-penyimpanan/rak.html>
{'product_id': None}
2019-10-26 12:14:45 [scrapy.core.scraper] DEBUG: Scraped from <200 https://fabelio.com/cp/ruang-tamu/sofa/set-sofa.html?ref=megamenu-tamu-banner-img-1>
{'product_id': None}
2019-10-26 12:14:45 [scrapy.core.scraper] DEBUG: Scraped from <200 https://fabelio.com/cp/ruang-tamu/tempat-penyimpanan/rak-sepatu.html>
{'product_id': None}
2019-10-26 12:14:45 [scrapy.core.scraper] DEBUG: Scraped from <200 https://fabelio.com/cp/ruang-tamu/tempat-penyimpanan/meja-tv.html>
{'product_id': None}
2019-10-26 12:14:45 [scrapy.core.engine] DEBUG: Crawled (200) <GET https://fabelio.com/trackorder> (referer: https://fabelio.com/ip/fabelio-essential-latex-mattress-king.html)
2019-10-26 12:14:45 [scrapy.core.scraper] DEBUG: Scraped from <200 https://fabelio.com/trackorder>
{'product_id': None}
2019-10-26 12:14:47 [scrapy.core.engine] DEBUG: Crawled (200) <GET https://fabelio.com/cp/ruang-tamu/tempat-penyimpanan/meja-samping.html> (referer: https://fabelio.com/ip/fabelio-essential-latex-mattress-king.html)
2019-10-26 12:14:47 [scrapy.core.scraper] DEBUG: Scraped from <200 https://fabelio.com/cp/ruang-tamu/tempat-penyimpanan/meja-samping.html>
{'product_id': None}
2019-10-26 12:14:48 [scrapy.core.engine] DEBUG: Crawled (200) <GET https://fabelio.com/cp/ruang-tamu/tempat-penyimpanan/promo.html> (referer: https://fabelio.com/ip/fabelio-essential-latex-mattress-king.html)
2019-10-26 12:14:48 [scrapy.core.engine] DEBUG: Crawled (200) <GET https://fabelio.com/cp/ruang-makan/kursi/bangku.html> (referer: https://fabelio.com/ip/fabelio-essential-latex-mattress-king.html)
2019-10-26 12:14:48 [scrapy.core.scraper] DEBUG: Scraped from <200 https://fabelio.com/cp/ruang-tamu/tempat-penyimpanan/promo.html>
{'product_id': None}
2019-10-26 12:14:48 [scrapy.core.engine] DEBUG: Crawled (200) <GET https://fabelio.com/cp/ruang-tamu/tempat-penyimpanan/kabinet.html> (referer: https://fabelio.com/ip/fabelio-essential-latex-mattress-king.html)
2019-10-26 12:14:48 [scrapy.core.scraper] DEBUG: Scraped from <200 https://fabelio.com/cp/ruang-makan/kursi/bangku.html>
{'product_id': None}
2019-10-26 12:14:48 [scrapy.core.scraper] DEBUG: Scraped from <200 https://fabelio.com/cp/ruang-tamu/tempat-penyimpanan/kabinet.html>
{'product_id': None}
2019-10-26 12:14:48 [scrapy.core.engine] DEBUG: Crawled (200) <GET https://fabelio.com/cp/ruang-makan/kursi.html> (referer: https://fabelio.com/ip/fabelio-essential-latex-mattress-king.html)
2019-10-26 12:14:48 [scrapy.core.scraper] DEBUG: Scraped from <200 https://fabelio.com/cp/ruang-makan/kursi.html>
{'product_id': None}
2019-10-26 12:14:49 [scrapy.core.engine] DEBUG: Crawled (200) <GET https://fabelio.com/cp/ruang-makan.html> (referer: https://fabelio.com/ip/fabelio-essential-latex-mattress-king.html)
2019-10-26 12:14:50 [scrapy.core.scraper] DEBUG: Scraped from <200 https://fabelio.com/cp/ruang-makan.html>
{'product_id': None}
2019-10-26 12:14:51 [scrapy.core.engine] DEBUG: Crawled (200) <GET https://fabelio.com/showroom/lebak-bulus-showroom.html> (referer: https://fabelio.com/ip/fabelio-essential-latex-mattress-king.html)
2019-10-26 12:14:51 [scrapy.core.engine] DEBUG: Crawled (200) <GET https://fabelio.com/showroom/cibubur-showroom.html> (referer: https://fabelio.com/ip/fabelio-essential-latex-mattress-king.html)
2019-10-26 12:14:51 [scrapy.core.scraper] DEBUG: Scraped from <200 https://fabelio.com/showroom/lebak-bulus-showroom.html>
{'product_id': None}
2019-10-26 12:14:51 [scrapy.core.scraper] DEBUG: Scraped from <200 https://fabelio.com/showroom/cibubur-showroom.html>
{'product_id': None}
2019-10-26 12:14:53 [scrapy.core.engine] DEBUG: Crawled (200) <GET https://fabelio.com/showroom/bandung-setiabudi-showroom.html> (referer: https://fabelio.com/ip/fabelio-essential-latex-mattress-king.html)
2019-10-26 12:14:53 [scrapy.core.scraper] DEBUG: Scraped from <200 https://fabelio.com/showroom/bandung-setiabudi-showroom.html>
{'product_id': None}
2019-10-26 12:14:54 [scrapy.core.engine] DEBUG: Crawled (200) <GET https://fabelio.com/showroom/bogor-padjajaran-showroom.html> (referer: https://fabelio.com/ip/fabelio-essential-latex-mattress-king.html)
2019-10-26 12:14:54 [scrapy.core.scraper] DEBUG: Scraped from <200 https://fabelio.com/showroom/bogor-padjajaran-showroom.html>
{'product_id': None}
2019-10-26 12:14:54 [scrapy.downloadermiddlewares.redirect] DEBUG: Redirecting (301) to <GET https://fabelio.com/bandung-showroom.html> from <GET https://fabelio.com/cp/showroom/bandung-showroom.html>
2019-10-26 12:14:55 [scrapy.core.engine] DEBUG: Crawled (200) <GET https://fabelio.com/showroom/kebon-jeruk-showroom.html> (referer: https://fabelio.com/ip/fabelio-essential-latex-mattress-king.html)
2019-10-26 12:14:55 [scrapy.core.engine] DEBUG: Crawled (200) <GET https://fabelio.com/showroom/depok-showroom.html> (referer: https://fabelio.com/ip/fabelio-essential-latex-mattress-king.html)
2019-10-26 12:14:55 [scrapy.core.scraper] DEBUG: Scraped from <200 https://fabelio.com/showroom/kebon-jeruk-showroom.html>
{'product_id': None}
2019-10-26 12:14:55 [scrapy.core.scraper] DEBUG: Scraped from <200 https://fabelio.com/showroom/depok-showroom.html>
{'product_id': None}
2019-10-26 12:14:55 [scrapy.core.engine] DEBUG: Crawled (200) <GET https://fabelio.com/showroom/gading-serpong-showroom.html> (referer: https://fabelio.com/ip/fabelio-essential-latex-mattress-king.html)
2019-10-26 12:14:55 [scrapy.core.engine] DEBUG: Crawled (200) <GET https://fabelio.com/cdn-cgi/l/email-protection#365e535a5a5976505754535a5f591855595b> (referer: https://fabelio.com/ip/fabelio-essential-latex-mattress-king.html)
2019-10-26 12:14:55 [scrapy.core.scraper] DEBUG: Scraped from <200 https://fabelio.com/showroom/gading-serpong-showroom.html>
{'product_id': None}
2019-10-26 12:14:56 [scrapy.core.scraper] DEBUG: Scraped from <200 https://fabelio.com/cdn-cgi/l/email-protection>
{'product_id': None}
2019-10-26 12:14:56 [scrapy.core.engine] DEBUG: Crawled (200) <GET https://fabelio.com/testimoni> (referer: https://fabelio.com/ip/fabelio-essential-latex-mattress-king.html)
2019-10-26 12:14:56 [scrapy.core.scraper] DEBUG: Scraped from <200 https://fabelio.com/testimoni>
{'product_id': None}
2019-10-26 12:14:56 [scrapy.core.engine] DEBUG: Crawled (200) <GET https://fabelio.com/cities-we-deliver> (referer: https://fabelio.com/ip/fabelio-essential-latex-mattress-king.html)
2019-10-26 12:14:56 [scrapy.core.engine] DEBUG: Crawled (200) <GET https://fabelio.com/showroom/kelapa-gading-showroom.html> (referer: https://fabelio.com/ip/fabelio-essential-latex-mattress-king.html)
2019-10-26 12:14:56 [scrapy.core.scraper] DEBUG: Scraped from <200 https://fabelio.com/cities-we-deliver>
{'product_id': None}
2019-10-26 12:14:56 [scrapy.core.engine] DEBUG: Crawled (200) <GET https://fabelio.com/showroom/bintaro-showroom.html> (referer: https://fabelio.com/ip/fabelio-essential-latex-mattress-king.html)
2019-10-26 12:14:56 [scrapy.core.scraper] DEBUG: Scraped from <200 https://fabelio.com/showroom/kelapa-gading-showroom.html>
{'product_id': None}
2019-10-26 12:14:56 [scrapy.core.engine] DEBUG: Crawled (200) <GET https://fabelio.com/kebijakan-pengembalian> (referer: https://fabelio.com/ip/fabelio-essential-latex-mattress-king.html)
2019-10-26 12:14:56 [scrapy.core.scraper] DEBUG: Scraped from <200 https://fabelio.com/showroom/bintaro-showroom.html>
{'product_id': None}
2019-10-26 12:14:56 [scrapy.core.scraper] DEBUG: Scraped from <200 https://fabelio.com/kebijakan-pengembalian>
{'product_id': None}
2019-10-26 12:14:57 [scrapy.core.engine] DEBUG: Crawled (200) <GET https://fabelio.com/showroom/bogor-showroom.html> (referer: https://fabelio.com/ip/fabelio-essential-latex-mattress-king.html)
2019-10-26 12:14:57 [scrapy.core.scraper] DEBUG: Scraped from <200 https://fabelio.com/showroom/bogor-showroom.html>
{'product_id': None}
2019-10-26 12:14:57 [scrapy.core.engine] DEBUG: Crawled (200) <GET https://fabelio.com/kebijakan-pengiriman> (referer: https://fabelio.com/ip/fabelio-essential-latex-mattress-king.html)
2019-10-26 12:14:57 [scrapy.core.engine] DEBUG: Crawled (200) <GET https://fabelio.com/syarat-dan-ketentuan> (referer: https://fabelio.com/ip/fabelio-essential-latex-mattress-king.html)
2019-10-26 12:14:57 [scrapy.core.engine] DEBUG: Crawled (200) <GET https://fabelio.com/contact> (referer: https://fabelio.com/ip/fabelio-essential-latex-mattress-king.html)
2019-10-26 12:14:57 [scrapy.core.scraper] DEBUG: Scraped from <200 https://fabelio.com/kebijakan-pengiriman>
{'product_id': None}
2019-10-26 12:14:57 [scrapy.core.engine] DEBUG: Crawled (200) <GET https://fabelio.com/blog> (referer: https://fabelio.com/ip/fabelio-essential-latex-mattress-king.html)
2019-10-26 12:14:57 [scrapy.core.scraper] DEBUG: Scraped from <200 https://fabelio.com/syarat-dan-ketentuan>
{'product_id': None}
2019-10-26 12:14:57 [scrapy.core.scraper] DEBUG: Scraped from <200 https://fabelio.com/contact>
{'product_id': None}
2019-10-26 12:14:58 [scrapy.core.scraper] DEBUG: Scraped from <200 https://fabelio.com/blog>
{'product_id': None}
2019-10-26 12:14:58 [scrapy.core.engine] DEBUG: Crawled (200) <GET https://fabelio.com/kebijakan-privasi> (referer: https://fabelio.com/ip/fabelio-essential-latex-mattress-king.html)
2019-10-26 12:14:58 [scrapy.core.engine] DEBUG: Crawled (200) <GET https://fabelio.com/dekorasi-rumah/hiasan.html> (referer: https://fabelio.com/ip/fabelio-essential-latex-mattress-king.html)
2019-10-26 12:14:58 [scrapy.core.scraper] DEBUG: Scraped from <200 https://fabelio.com/kebijakan-privasi>
{'product_id': None}
2019-10-26 12:14:58 [scrapy.core.scraper] DEBUG: Scraped from <200 https://fabelio.com/dekorasi-rumah/hiasan.html>
{'product_id': None}
2019-10-26 12:14:58 [scrapy.core.engine] DEBUG: Crawled (200) <GET https://fabelio.com/faq> (referer: https://fabelio.com/ip/fabelio-essential-latex-mattress-king.html)
2019-10-26 12:14:58 [scrapy.core.scraper] DEBUG: Scraped from <200 https://fabelio.com/faq>
{'product_id': None}
2019-10-26 12:14:58 [scrapy.core.engine] DEBUG: Crawled (200) <GET https://fabelio.com/about-fabelio> (referer: https://fabelio.com/ip/fabelio-essential-latex-mattress-king.html)
2019-10-26 12:14:58 [scrapy.core.engine] DEBUG: Crawled (200) <GET https://fabelio.com/filosofi-fabelio> (referer: https://fabelio.com/ip/fabelio-essential-latex-mattress-king.html)
2019-10-26 12:14:59 [scrapy.core.scraper] DEBUG: Scraped from <200 https://fabelio.com/about-fabelio>
{'product_id': None}
2019-10-26 12:14:59 [scrapy.core.scraper] DEBUG: Scraped from <200 https://fabelio.com/filosofi-fabelio>
{'product_id': None}
2019-10-26 12:15:00 [scrapy.core.engine] DEBUG: Crawled (200) <GET https://fabelio.com/cp/showroom/bekasi-showroom.html> (referer: https://fabelio.com/ip/fabelio-essential-latex-mattress-king.html)
2019-10-26 12:15:00 [scrapy.core.scraper] DEBUG: Scraped from <200 https://fabelio.com/cp/showroom/bekasi-showroom.html>
{'product_id': None}
2019-10-26 12:15:00 [scrapy.core.engine] DEBUG: Crawled (200) <GET https://fabelio.com/showroom/bsd-showroom.html> (referer: https://fabelio.com/ip/fabelio-essential-latex-mattress-king.html)
2019-10-26 12:15:00 [scrapy.core.scraper] DEBUG: Scraped from <200 https://fabelio.com/showroom/bsd-showroom.html>
{'product_id': None}
2019-10-26 12:15:01 [scrapy.core.engine] DEBUG: Crawled (200) <GET https://fabelio.com/cp/showroom/alam-sutera-showroom.html> (referer: https://fabelio.com/ip/fabelio-essential-latex-mattress-king.html)
2019-10-26 12:15:01 [scrapy.core.scraper] DEBUG: Scraped from <200 https://fabelio.com/cp/showroom/alam-sutera-showroom.html>
{'product_id': None}
2019-10-26 12:15:01 [scrapy.core.engine] DEBUG: Crawled (200) <GET https://fabelio.com/kamar-tidur/tempat-tidur.html> (referer: https://fabelio.com/ip/fabelio-essential-latex-mattress-king.html)
2019-10-26 12:15:01 [scrapy.core.scraper] DEBUG: Scraped from <200 https://fabelio.com/kamar-tidur/tempat-tidur.html>
{'product_id': None}
2019-10-26 12:15:01 [scrapy.core.engine] DEBUG: Crawled (200) <GET https://fabelio.com/dekorasi-rumah/linen-rumah.html> (referer: https://fabelio.com/ip/fabelio-essential-latex-mattress-king.html)
2019-10-26 12:15:01 [scrapy.core.scraper] DEBUG: Scraped from <200 https://fabelio.com/dekorasi-rumah/linen-rumah.html>
{'product_id': None}
2019-10-26 12:15:01 [scrapy.core.engine] DEBUG: Crawled (200) <GET https://fabelio.com/dekorasi-rumah/karpet.html> (referer: https://fabelio.com/ip/fabelio-essential-latex-mattress-king.html)
2019-10-26 12:15:02 [scrapy.core.scraper] DEBUG: Scraped from <200 https://fabelio.com/dekorasi-rumah/karpet.html>
{'product_id': None}
2019-10-26 12:15:02 [scrapy.downloadermiddlewares.redirect] DEBUG: Redirecting (301) to <GET https://fabelio.com/cp/ruang-makan/meja-makan.html> from <GET https://fabelio.com/ruang-tamu/tempat-penyimpanan/meja-makan.html>
2019-10-26 12:15:02 [scrapy.downloadermiddlewares.redirect] DEBUG: Redirecting (301) to <GET https://fabelio.com/cp/kamar-tidur/tempat-penyimpanan/meja-samping.html> from <GET https://fabelio.com/tempat-tidur/meja-samping.html>
2019-10-26 12:15:02 [scrapy.core.engine] DEBUG: Crawled (200) <GET https://fabelio.com/ruang-tamu/tempat-penyimpanan/meja-tamu.html> (referer: https://fabelio.com/ip/fabelio-essential-latex-mattress-king.html)
2019-10-26 12:15:02 [scrapy.core.scraper] DEBUG: Scraped from <200 https://fabelio.com/ruang-tamu/tempat-penyimpanan/meja-tamu.html>
{'product_id': None}
2019-10-26 12:15:02 [scrapy.core.engine] DEBUG: Crawled (200) <GET https://fabelio.com/dekorasi-rumah/lampu.html> (referer: https://fabelio.com/ip/fabelio-essential-latex-mattress-king.html)
2019-10-26 12:15:03 [scrapy.core.scraper] DEBUG: Scraped from <200 https://fabelio.com/dekorasi-rumah/lampu.html>
{'product_id': None}
2019-10-26 12:15:03 [scrapy.core.engine] DEBUG: Crawled (200) <GET https://fabelio.com/ruang-kerja/kursi-kerja.html> (referer: https://fabelio.com/ip/fabelio-essential-latex-mattress-king.html)
2019-10-26 12:15:03 [scrapy.core.engine] DEBUG: Crawled (200) <GET https://fabelio.com/ruang-tamu/tempat-duduk/bangku.html> (referer: https://fabelio.com/ip/fabelio-essential-latex-mattress-king.html)
2019-10-26 12:15:03 [scrapy.core.scraper] DEBUG: Scraped from <200 https://fabelio.com/ruang-kerja/kursi-kerja.html>
{'product_id': None}
2019-10-26 12:15:03 [scrapy.core.scraper] DEBUG: Scraped from <200 https://fabelio.com/ruang-tamu/tempat-duduk/bangku.html>
{'product_id': None}
2019-10-26 12:15:03 [scrapy.core.engine] DEBUG: Crawled (200) <GET https://fabelio.com/ruang-makan/kursi/kursi-makan.html> (referer: https://fabelio.com/ip/fabelio-essential-latex-mattress-king.html)
2019-10-26 12:15:03 [scrapy.core.scraper] DEBUG: Scraped from <200 https://fabelio.com/ruang-makan/kursi/kursi-makan.html>
{'product_id': None}
2019-10-26 12:15:03 [scrapy.core.engine] DEBUG: Crawled (200) <GET https://fabelio.com/kamar-tidur/tempat-penyimpanan/lemari-pakaian.html> (referer: https://fabelio.com/ip/fabelio-essential-latex-mattress-king.html)
2019-10-26 12:15:03 [scrapy.core.scraper] DEBUG: Scraped from <200 https://fabelio.com/kamar-tidur/tempat-penyimpanan/lemari-pakaian.html>
{'product_id': None}
2019-10-26 12:15:04 [scrapy.downloadermiddlewares.redirect] DEBUG: Redirecting (301) to <GET https://fabelio.com/project-by-fabelio/> from <GET https://fabelio.com/pbf>
2019-10-26 12:15:04 [scrapy.core.engine] DEBUG: Crawled (200) <GET https://fabelio.com/ruang-kerja.html> (referer: https://fabelio.com/ip/fabelio-essential-latex-mattress-king.html)
2019-10-26 12:15:04 [scrapy.core.engine] DEBUG: Crawled (200) <GET https://fabelio.com/kamar-tidur.html> (referer: https://fabelio.com/ip/fabelio-essential-latex-mattress-king.html)
2019-10-26 12:15:04 [scrapy.core.scraper] DEBUG: Scraped from <200 https://fabelio.com/ruang-kerja.html>
{'product_id': None}
2019-10-26 12:15:04 [scrapy.core.scraper] DEBUG: Scraped from <200 https://fabelio.com/kamar-tidur.html>
{'product_id': None}
2019-10-26 12:15:04 [scrapy.core.engine] DEBUG: Crawled (200) <GET https://fabelio.com/bandung-showroom.html> (referer: https://fabelio.com/ip/fabelio-essential-latex-mattress-king.html)
2019-10-26 12:15:04 [scrapy.core.engine] DEBUG: Crawled (200) <GET https://fabelio.com/ruang-makan/meja-makan.html> (referer: https://fabelio.com/ip/fabelio-essential-latex-mattress-king.html)
2019-10-26 12:15:04 [scrapy.core.scraper] DEBUG: Scraped from <200 https://fabelio.com/bandung-showroom.html>
{'product_id': None}
2019-10-26 12:15:04 [scrapy.core.scraper] DEBUG: Scraped from <200 https://fabelio.com/ruang-makan/meja-makan.html>
{'product_id': None}
2019-10-26 12:15:05 [scrapy.core.engine] DEBUG: Crawled (200) <GET https://fabelio.com/ruang-tamu/sofa.html> (referer: https://fabelio.com/ip/fabelio-essential-latex-mattress-king.html)
2019-10-26 12:15:05 [scrapy.core.scraper] DEBUG: Scraped from <200 https://fabelio.com/ruang-tamu/sofa.html>
{'product_id': None}
2019-10-26 12:15:05 [scrapy.downloadermiddlewares.redirect] DEBUG: Redirecting (301) to <GET https://fabelio.com/project-by-fabelio/> from <GET https://fabelio.com/project-by-fabelio>
2019-10-26 12:15:07 [scrapy.core.engine] DEBUG: Crawled (200) <GET https://fabelio.com/seri.html> (referer: https://fabelio.com/ip/fabelio-essential-latex-mattress-king.html)
2019-10-26 12:15:07 [scrapy.core.scraper] DEBUG: Scraped from <200 https://fabelio.com/seri.html>
{'product_id': None}
2019-10-26 12:15:09 [scrapy.core.engine] DEBUG: Crawled (200) <GET https://fabelio.com/ruang-makan.html> (referer: https://fabelio.com/ip/fabelio-essential-latex-mattress-king.html)
2019-10-26 12:15:09 [scrapy.core.engine] DEBUG: Crawled (200) <GET https://fabelio.com/project-by-fabelio/> (referer: https://fabelio.com/ip/fabelio-essential-latex-mattress-king.html)
2019-10-26 12:15:09 [scrapy.core.scraper] DEBUG: Scraped from <200 https://fabelio.com/ruang-makan.html>
{'product_id': None}
2019-10-26 12:15:09 [scrapy.core.scraper] DEBUG: Scraped from <200 https://fabelio.com/project-by-fabelio/>
{'product_id': None}
2019-10-26 12:15:11 [scrapy.core.engine] DEBUG: Crawled (200) <GET https://fabelio.com/cp/showroom/cibubur-showroom.html> (referer: https://fabelio.com/ip/fabelio-essential-latex-mattress-king.html)
2019-10-26 12:15:11 [scrapy.core.scraper] DEBUG: Scraped from <200 https://fabelio.com/cp/showroom/cibubur-showroom.html>
{'product_id': None}
2019-10-26 12:15:11 [scrapy.core.engine] DEBUG: Crawled (200) <GET https://fabelio.com/katalog.html> (referer: https://fabelio.com/ip/fabelio-essential-latex-mattress-king.html)
2019-10-26 12:15:11 [scrapy.core.engine] DEBUG: Crawled (200) <GET https://fabelio.com/cp/promo/ruang-tamu.html> (referer: https://fabelio.com/ip/fabelio-essential-latex-mattress-king.html)
2019-10-26 12:15:11 [scrapy.core.scraper] DEBUG: Scraped from <200 https://fabelio.com/katalog.html>
{'product_id': None}
2019-10-26 12:15:11 [scrapy.core.engine] DEBUG: Crawled (200) <GET https://fabelio.com/cp/promo/warehouse-sale-samsung.html> (referer: https://fabelio.com/ip/fabelio-essential-latex-mattress-king.html)
2019-10-26 12:15:11 [scrapy.core.scraper] DEBUG: Scraped from <200 https://fabelio.com/cp/promo/ruang-tamu.html>
{'product_id': None}
2019-10-26 12:15:11 [scrapy.core.scraper] DEBUG: Scraped from <200 https://fabelio.com/cp/promo/warehouse-sale-samsung.html>
{'product_id': None}
2019-10-26 12:15:12 [scrapy.crawler] INFO: Received SIGINT, shutting down gracefully. Send again to force 
2019-10-26 12:15:12 [scrapy.core.engine] INFO: Closing spider (shutdown)
2019-10-26 12:15:13 [scrapy.core.engine] DEBUG: Crawled (200) <GET https://fabelio.com/cp/showroom/panglima-polim-showroom.html> (referer: https://fabelio.com/ip/fabelio-essential-latex-mattress-king.html)
2019-10-26 12:15:13 [scrapy.core.engine] DEBUG: Crawled (200) <GET https://fabelio.com/ruang-tamu.html> (referer: https://fabelio.com/ip/fabelio-essential-latex-mattress-king.html)
2019-10-26 12:15:13 [scrapy.core.scraper] DEBUG: Scraped from <200 https://fabelio.com/cp/showroom/panglima-polim-showroom.html>
{'product_id': None}
2019-10-26 12:15:13 [scrapy.core.engine] DEBUG: Crawled (200) <GET https://fabelio.com/cp/promo.html> (referer: https://fabelio.com/ip/fabelio-essential-latex-mattress-king.html)
2019-10-26 12:15:13 [scrapy.core.scraper] DEBUG: Scraped from <200 https://fabelio.com/ruang-tamu.html>
{'product_id': None}
2019-10-26 12:15:13 [scrapy.core.scraper] DEBUG: Scraped from <200 https://fabelio.com/cp/promo.html>
{'product_id': None}
2019-10-26 12:15:16 [scrapy.core.engine] DEBUG: Crawled (200) <GET https://fabelio.com/cp/promo/dekorasi-rumah.html> (referer: https://fabelio.com/ip/fabelio-essential-latex-mattress-king.html)
2019-10-26 12:15:17 [scrapy.core.scraper] DEBUG: Scraped from <200 https://fabelio.com/cp/promo/dekorasi-rumah.html>
{'product_id': None}
2019-10-26 12:15:19 [scrapy.core.engine] DEBUG: Crawled (200) <GET https://fabelio.com/cp/promo/ruang-kerja.html> (referer: https://fabelio.com/ip/fabelio-essential-latex-mattress-king.html)
2019-10-26 12:15:19 [scrapy.core.engine] DEBUG: Crawled (200) <GET https://fabelio.com/cp/kirim-cepat/ruang-kerja.html> (referer: https://fabelio.com/ip/fabelio-essential-latex-mattress-king.html)
2019-10-26 12:15:19 [scrapy.core.scraper] DEBUG: Scraped from <200 https://fabelio.com/cp/promo/ruang-kerja.html>
{'product_id': None}
2019-10-26 12:15:19 [scrapy.core.engine] DEBUG: Crawled (200) <GET https://fabelio.com/cp/kirim-cepat/ruang-tamu.html> (referer: https://fabelio.com/ip/fabelio-essential-latex-mattress-king.html)
2019-10-26 12:15:19 [scrapy.core.scraper] DEBUG: Scraped from <200 https://fabelio.com/cp/kirim-cepat/ruang-kerja.html>
{'product_id': None}
2019-10-26 12:15:19 [scrapy.core.scraper] DEBUG: Scraped from <200 https://fabelio.com/cp/kirim-cepat/ruang-tamu.html>
{'product_id': None}
2019-10-26 12:15:21 [scrapy.core.engine] DEBUG: Crawled (200) <GET https://fabelio.com/cp/kirim-cepat/kamar-tidur.html> (referer: https://fabelio.com/ip/fabelio-essential-latex-mattress-king.html)
2019-10-26 12:15:21 [scrapy.core.engine] DEBUG: Crawled (200) <GET https://fabelio.com/cp/kirim-cepat/dekorasi-rumah.html> (referer: https://fabelio.com/ip/fabelio-essential-latex-mattress-king.html)
2019-10-26 12:15:21 [scrapy.core.scraper] DEBUG: Scraped from <200 https://fabelio.com/cp/kirim-cepat/kamar-tidur.html>
{'product_id': None}
2019-10-26 12:15:21 [scrapy.core.scraper] DEBUG: Scraped from <200 https://fabelio.com/cp/kirim-cepat/dekorasi-rumah.html>
{'product_id': None}
2019-10-26 12:15:22 [scrapy.core.engine] DEBUG: Crawled (200) <GET https://fabelio.com/cp/promo/warehouse-sale-koinworks.html> (referer: https://fabelio.com/ip/fabelio-essential-latex-mattress-king.html)
2019-10-26 12:15:22 [scrapy.core.scraper] DEBUG: Scraped from <200 https://fabelio.com/cp/promo/warehouse-sale-koinworks.html>
{'product_id': None}
2019-10-26 12:15:23 [scrapy.core.engine] DEBUG: Crawled (200) <GET https://fabelio.com/cp/promo/kamar-tidur.html> (referer: https://fabelio.com/ip/fabelio-essential-latex-mattress-king.html)
2019-10-26 12:15:23 [scrapy.core.scraper] DEBUG: Scraped from <200 https://fabelio.com/cp/promo/kamar-tidur.html>
{'product_id': None}
2019-10-26 12:15:23 [scrapy.core.engine] DEBUG: Crawled (200) <GET https://fabelio.com/promo.html> (referer: https://fabelio.com/ip/fabelio-essential-latex-mattress-king.html)
2019-10-26 12:15:23 [scrapy.core.scraper] DEBUG: Scraped from <200 https://fabelio.com/promo.html>
{'product_id': None}
2019-10-26 12:15:25 [scrapy.core.engine] DEBUG: Crawled (200) <GET https://fabelio.com/cp/kirim-cepat/belanja-sekarang-besok-sampai.html> (referer: https://fabelio.com/ip/fabelio-essential-latex-mattress-king.html)
2019-10-26 12:15:25 [scrapy.core.scraper] DEBUG: Scraped from <200 https://fabelio.com/cp/kirim-cepat/belanja-sekarang-besok-sampai.html>
{'product_id': None}
2019-10-26 12:15:27 [scrapy.core.engine] DEBUG: Crawled (200) <GET https://fabelio.com/cp/kirim-cepat/ruang-makan.html> (referer: https://fabelio.com/ip/fabelio-essential-latex-mattress-king.html)
2019-10-26 12:15:27 [scrapy.core.engine] DEBUG: Crawled (200) <GET https://fabelio.com/cp/promo/ruang-makan.html> (referer: https://fabelio.com/ip/fabelio-essential-latex-mattress-king.html)
2019-10-26 12:15:27 [scrapy.core.scraper] DEBUG: Scraped from <200 https://fabelio.com/cp/kirim-cepat/ruang-makan.html>
{'product_id': None}
2019-10-26 12:15:27 [scrapy.core.scraper] DEBUG: Scraped from <200 https://fabelio.com/cp/promo/ruang-makan.html>
{'product_id': None}
2019-10-26 12:15:28 [scrapy.core.engine] DEBUG: Crawled (200) <GET https://fabelio.com/cp/kirim-cepat.html> (referer: https://fabelio.com/ip/fabelio-essential-latex-mattress-king.html)
2019-10-26 12:15:28 [scrapy.core.scraper] DEBUG: Scraped from <200 https://fabelio.com/cp/kirim-cepat.html>
{'product_id': None}
2019-10-26 12:15:28 [scrapy.statscollectors] INFO: Dumping Scrapy stats:
{'downloader/request_bytes': 37262,
 'downloader/request_count': 86,
 'downloader/request_method_count/GET': 86,
 'downloader/response_bytes': 3487088,
 'downloader/response_count': 86,
 'downloader/response_status_count/200': 81,
 'downloader/response_status_count/301': 5,
 'dupefilter/filtered': 6,
 'elapsed_time_seconds': 47.282303,
 'finish_reason': 'shutdown',
 'finish_time': datetime.datetime(2019, 10, 26, 5, 15, 28, 508216),
 'item_scraped_count': 79,
 'log_count/DEBUG': 175,
 'log_count/INFO': 11,
 'memusage/max': 70995968,
 'memusage/startup': 70995968,
 'offsite/domains': 9,
 'offsite/filtered': 21,
 'request_depth_max': 1,
 'response_received_count': 81,
 'robotstxt/request_count': 1,
 'robotstxt/response_count': 1,
 'robotstxt/response_status_count/200': 1,
 'scheduler/dequeued': 85,
 'scheduler/dequeued/memory': 85,
 'scheduler/enqueued': 198,
 'scheduler/enqueued/memory': 198,
 'start_time': datetime.datetime(2019, 10, 26, 5, 14, 41, 225913)}
2019-10-26 12:15:28 [scrapy.core.engine] INFO: Spider closed (shutdown)
