2019-10-27 04:59:53 [scrapy.utils.log] INFO: Scrapy 1.7.4 started (bot: fab_scrapper)
2019-10-27 04:59:53 [scrapy.utils.log] INFO: Versions: lxml 4.4.1.0, libxml2 2.9.4, cssselect 1.1.0, parsel 1.5.2, w3lib 1.21.0, Twisted 19.7.0, Python 3.5.2 (v3.5.2:4def2a2901a5, Jun 26 2016, 10:47:25) - [GCC 4.2.1 (Apple Inc. build 5666) (dot 3)], pyOpenSSL 19.0.0 (OpenSSL 1.1.1d  10 Sep 2019), cryptography 2.8, Platform Darwin-18.2.0-x86_64-i386-64bit
2019-10-27 04:59:53 [scrapy.crawler] INFO: Overridden settings: {'NEWSPIDER_MODULE': 'fab_scrapper.spiders', 'ROBOTSTXT_OBEY': True, 'BOT_NAME': 'fab_scrapper', 'SPIDER_MODULES': ['fab_scrapper.spiders'], 'USER_AGENT': 'Mozilla/5.0 (compatible; Googlebot/2.1; +http://www.google.com/bot.html)', 'LOG_FILE': 'logs/default/fab_crawler/ef064df4f83b11e9a2a5f45c8999c707.log'}
2019-10-27 04:59:54 [scrapy.extensions.telnet] INFO: Telnet Password: f9c316fff925e21b
2019-10-27 04:59:54 [scrapy.middleware] INFO: Enabled extensions:
['scrapy.extensions.memusage.MemoryUsage',
 'scrapy.extensions.corestats.CoreStats',
 'scrapy.extensions.logstats.LogStats',
 'scrapy.extensions.telnet.TelnetConsole']
2019-10-27 04:59:54 [scrapy.middleware] INFO: Enabled downloader middlewares:
['scrapy.downloadermiddlewares.robotstxt.RobotsTxtMiddleware',
 'scrapy.downloadermiddlewares.httpauth.HttpAuthMiddleware',
 'scrapy.downloadermiddlewares.downloadtimeout.DownloadTimeoutMiddleware',
 'scrapy.downloadermiddlewares.defaultheaders.DefaultHeadersMiddleware',
 'scrapy.downloadermiddlewares.useragent.UserAgentMiddleware',
 'scrapy.downloadermiddlewares.retry.RetryMiddleware',
 'scrapy.downloadermiddlewares.redirect.MetaRefreshMiddleware',
 'scrapy.downloadermiddlewares.httpcompression.HttpCompressionMiddleware',
 'scrapy.downloadermiddlewares.redirect.RedirectMiddleware',
 'scrapy.downloadermiddlewares.cookies.CookiesMiddleware',
 'scrapy.downloadermiddlewares.httpproxy.HttpProxyMiddleware',
 'scrapy.downloadermiddlewares.stats.DownloaderStats']
2019-10-27 04:59:54 [scrapy.middleware] INFO: Enabled spider middlewares:
['scrapy.spidermiddlewares.httperror.HttpErrorMiddleware',
 'scrapy.spidermiddlewares.offsite.OffsiteMiddleware',
 'scrapy.spidermiddlewares.referer.RefererMiddleware',
 'scrapy.spidermiddlewares.urllength.UrlLengthMiddleware',
 'scrapy.spidermiddlewares.depth.DepthMiddleware']
2019-10-27 04:59:54 [scrapy.middleware] INFO: Enabled item pipelines:
[]
2019-10-27 04:59:54 [scrapy.core.engine] INFO: Spider opened
2019-10-27 04:59:54 [scrapy.extensions.logstats] INFO: Crawled 0 pages (at 0 pages/min), scraped 0 items (at 0 items/min)
2019-10-27 04:59:54 [scrapy.extensions.telnet] INFO: Telnet console listening on 127.0.0.1:6023
2019-10-27 04:59:54 [scrapy.core.engine] DEBUG: Crawled (200) <GET https://fabelio.com/robots.txt> (referer: None)
2019-10-27 04:59:54 [scrapy.core.engine] DEBUG: Crawled (200) <GET https://fabelio.com/ip/sakura-simo-4-seater-dining-set.html> (referer: None)
2019-10-27 04:59:54 [scrapy.core.engine] INFO: Closing spider (finished)
2019-10-27 04:59:54 [scrapy.statscollectors] INFO: Dumping Scrapy stats:
{'downloader/request_bytes': 607,
 'downloader/request_count': 2,
 'downloader/request_method_count/GET': 2,
 'downloader/response_bytes': 43984,
 'downloader/response_count': 2,
 'downloader/response_status_count/200': 2,
 'elapsed_time_seconds': 0.377811,
 'finish_reason': 'finished',
 'finish_time': datetime.datetime(2019, 10, 26, 21, 59, 54, 536338),
 'log_count/DEBUG': 2,
 'log_count/INFO': 10,
 'memusage/max': 84799488,
 'memusage/startup': 84799488,
 'response_received_count': 2,
 'robotstxt/request_count': 1,
 'robotstxt/response_count': 1,
 'robotstxt/response_status_count/200': 1,
 'scheduler/dequeued': 1,
 'scheduler/dequeued/memory': 1,
 'scheduler/enqueued': 1,
 'scheduler/enqueued/memory': 1,
 'start_time': datetime.datetime(2019, 10, 26, 21, 59, 54, 158527)}
2019-10-27 04:59:54 [scrapy.core.engine] INFO: Spider closed (finished)
